<?xml version="1.0" encoding="UTF-8"?><testsuite errors="0" failures="0" name="com.restful.booker.bookinginfo.BookingCRUDTest" skipped="0" tests="7" time="5.6" timestamp="2023-06-06T14:28:10.069+01:00[Europe/London]"><testcase classname="com.restful.booker.bookinginfo.BookingCRUDTest" name="create token"/><testcase classname="com.restful.booker.bookinginfo.BookingCRUDTest" name="This will create a booking"/><testcase classname="com.restful.booker.bookinginfo.BookingCRUDTest" name="Verify if the user was added to the application"/><testcase classname="com.restful.booker.bookinginfo.BookingCRUDTest" name="This will update a booking"/><testcase classname="com.restful.booker.bookinginfo.BookingCRUDTest" name="This will update a partial booking "/><testcase classname="com.restful.booker.bookinginfo.BookingCRUDTest" name="Verify if the booking  was updated partially"/><testcase classname="com.restful.booker.bookinginfo.BookingCRUDTest" name="This will delete booking and verify booking is deleted"/></testsuite>